mode: set
github.com/cloudygreybeard/contextmemory/cmd/cmctl/main.go:9.13,10.38 1 0
github.com/cloudygreybeard/contextmemory/cmd/cmctl/main.go:10.38,12.3 1 0
github.com/cloudygreybeard/contextmemory/cmd/cmctl/cmd/create.go:34.13,40.2 4 0
github.com/cloudygreybeard/contextmemory/cmd/cmctl/cmd/create.go:42.57,46.16 3 0
github.com/cloudygreybeard/contextmemory/cmd/cmctl/cmd/create.go:46.16,48.3 1 0
github.com/cloudygreybeard/contextmemory/cmd/cmctl/cmd/create.go:51.2,52.19 2 0
github.com/cloudygreybeard/contextmemory/cmd/cmctl/cmd/create.go:52.19,54.39 2 0
github.com/cloudygreybeard/contextmemory/cmd/cmctl/cmd/create.go:54.39,56.4 1 0
github.com/cloudygreybeard/contextmemory/cmd/cmctl/cmd/create.go:59.2,59.19 1 0
github.com/cloudygreybeard/contextmemory/cmd/cmctl/cmd/create.go:59.19,61.3 1 0
github.com/cloudygreybeard/contextmemory/cmd/cmctl/cmd/create.go:64.2,65.24 2 0
github.com/cloudygreybeard/contextmemory/cmd/cmctl/cmd/create.go:65.24,67.30 2 0
github.com/cloudygreybeard/contextmemory/cmd/cmctl/cmd/create.go:67.30,69.23 2 0
github.com/cloudygreybeard/contextmemory/cmd/cmctl/cmd/create.go:69.23,71.5 1 0
github.com/cloudygreybeard/contextmemory/cmd/cmctl/cmd/create.go:76.2,83.16 3 0
github.com/cloudygreybeard/contextmemory/cmd/cmctl/cmd/create.go:83.16,85.3 1 0
github.com/cloudygreybeard/contextmemory/cmd/cmctl/cmd/create.go:88.2,89.30 2 0
github.com/cloudygreybeard/contextmemory/cmd/cmctl/cmd/create.go:89.30,93.3 3 0
github.com/cloudygreybeard/contextmemory/cmd/cmctl/cmd/create.go:95.2,95.12 1 0
github.com/cloudygreybeard/contextmemory/cmd/cmctl/cmd/create.go:98.34,100.16 2 0
github.com/cloudygreybeard/contextmemory/cmd/cmctl/cmd/create.go:100.16,102.3 1 0
github.com/cloudygreybeard/contextmemory/cmd/cmctl/cmd/create.go:104.2,104.44 1 0
github.com/cloudygreybeard/contextmemory/cmd/cmctl/cmd/create.go:104.44,107.3 1 0
github.com/cloudygreybeard/contextmemory/cmd/cmctl/cmd/create.go:109.2,111.21 3 0
github.com/cloudygreybeard/contextmemory/cmd/cmctl/cmd/create.go:111.21,114.3 2 0
github.com/cloudygreybeard/contextmemory/cmd/cmctl/cmd/create.go:116.2,116.55 1 0
github.com/cloudygreybeard/contextmemory/cmd/cmctl/cmd/create.go:116.55,118.3 1 0
github.com/cloudygreybeard/contextmemory/cmd/cmctl/cmd/create.go:120.2,120.49 1 0
github.com/cloudygreybeard/contextmemory/cmd/cmctl/cmd/delete.go:30.13,36.2 4 0
github.com/cloudygreybeard/contextmemory/cmd/cmctl/cmd/delete.go:38.57,42.16 3 0
github.com/cloudygreybeard/contextmemory/cmd/cmctl/cmd/delete.go:42.16,44.3 1 0
github.com/cloudygreybeard/contextmemory/cmd/cmctl/cmd/delete.go:46.2,49.20 2 0
github.com/cloudygreybeard/contextmemory/cmd/cmctl/cmd/delete.go:49.20,53.3 2 0
github.com/cloudygreybeard/contextmemory/cmd/cmctl/cmd/delete.go:53.8,53.22 1 0
github.com/cloudygreybeard/contextmemory/cmd/cmctl/cmd/delete.go:53.22,56.3 1 0
github.com/cloudygreybeard/contextmemory/cmd/cmctl/cmd/delete.go:56.8,56.31 1 0
github.com/cloudygreybeard/contextmemory/cmd/cmctl/cmd/delete.go:56.31,59.3 1 0
github.com/cloudygreybeard/contextmemory/cmd/cmctl/cmd/delete.go:59.8,61.3 1 0
github.com/cloudygreybeard/contextmemory/cmd/cmctl/cmd/delete.go:64.86,67.16 2 0
github.com/cloudygreybeard/contextmemory/cmd/cmctl/cmd/delete.go:67.16,69.3 1 0
github.com/cloudygreybeard/contextmemory/cmd/cmctl/cmd/delete.go:70.2,70.19 1 0
github.com/cloudygreybeard/contextmemory/cmd/cmctl/cmd/delete.go:70.19,72.3 1 0
github.com/cloudygreybeard/contextmemory/cmd/cmctl/cmd/delete.go:75.2,75.18 1 0
github.com/cloudygreybeard/contextmemory/cmd/cmctl/cmd/delete.go:75.18,76.21 1 0
github.com/cloudygreybeard/contextmemory/cmd/cmctl/cmd/delete.go:76.21,80.78 4 0
github.com/cloudygreybeard/contextmemory/cmd/cmctl/cmd/delete.go:80.78,83.5 2 0
github.com/cloudygreybeard/contextmemory/cmd/cmctl/cmd/delete.go:88.2,88.44 1 0
github.com/cloudygreybeard/contextmemory/cmd/cmctl/cmd/delete.go:88.44,90.3 1 0
github.com/cloudygreybeard/contextmemory/cmd/cmctl/cmd/delete.go:92.2,92.20 1 0
github.com/cloudygreybeard/contextmemory/cmd/cmctl/cmd/delete.go:92.20,94.3 1 0
github.com/cloudygreybeard/contextmemory/cmd/cmctl/cmd/delete.go:95.2,95.12 1 0
github.com/cloudygreybeard/contextmemory/cmd/cmctl/cmd/delete.go:98.70,101.16 2 0
github.com/cloudygreybeard/contextmemory/cmd/cmctl/cmd/delete.go:101.16,103.3 1 0
github.com/cloudygreybeard/contextmemory/cmd/cmctl/cmd/delete.go:105.2,105.24 1 0
github.com/cloudygreybeard/contextmemory/cmd/cmctl/cmd/delete.go:105.24,106.21 1 0
github.com/cloudygreybeard/contextmemory/cmd/cmctl/cmd/delete.go:106.21,108.4 1 0
github.com/cloudygreybeard/contextmemory/cmd/cmctl/cmd/delete.go:109.3,109.13 1 0
github.com/cloudygreybeard/contextmemory/cmd/cmctl/cmd/delete.go:113.2,113.18 1 0
github.com/cloudygreybeard/contextmemory/cmd/cmctl/cmd/delete.go:113.18,114.21 1 0
github.com/cloudygreybeard/contextmemory/cmd/cmctl/cmd/delete.go:114.21,118.78 4 0
github.com/cloudygreybeard/contextmemory/cmd/cmctl/cmd/delete.go:118.78,121.5 2 0
github.com/cloudygreybeard/contextmemory/cmd/cmctl/cmd/delete.go:126.2,127.34 2 0
github.com/cloudygreybeard/contextmemory/cmd/cmctl/cmd/delete.go:127.34,128.46 1 0
github.com/cloudygreybeard/contextmemory/cmd/cmctl/cmd/delete.go:128.46,129.22 1 0
github.com/cloudygreybeard/contextmemory/cmd/cmctl/cmd/delete.go:129.22,131.5 1 0
github.com/cloudygreybeard/contextmemory/cmd/cmctl/cmd/delete.go:132.9,134.22 2 0
github.com/cloudygreybeard/contextmemory/cmd/cmctl/cmd/delete.go:134.22,136.5 1 0
github.com/cloudygreybeard/contextmemory/cmd/cmctl/cmd/delete.go:140.2,140.20 1 0
github.com/cloudygreybeard/contextmemory/cmd/cmctl/cmd/delete.go:140.20,142.3 1 0
github.com/cloudygreybeard/contextmemory/cmd/cmctl/cmd/delete.go:143.2,143.12 1 0
github.com/cloudygreybeard/contextmemory/cmd/cmctl/cmd/delete.go:146.97,149.22 2 0
github.com/cloudygreybeard/contextmemory/cmd/cmctl/cmd/delete.go:149.22,151.3 1 0
github.com/cloudygreybeard/contextmemory/cmd/cmctl/cmd/delete.go:154.2,160.16 3 0
github.com/cloudygreybeard/contextmemory/cmd/cmctl/cmd/delete.go:160.16,162.3 1 0
github.com/cloudygreybeard/contextmemory/cmd/cmctl/cmd/delete.go:164.2,164.35 1 0
github.com/cloudygreybeard/contextmemory/cmd/cmctl/cmd/delete.go:164.35,165.21 1 0
github.com/cloudygreybeard/contextmemory/cmd/cmctl/cmd/delete.go:165.21,167.4 1 0
github.com/cloudygreybeard/contextmemory/cmd/cmctl/cmd/delete.go:168.3,168.13 1 0
github.com/cloudygreybeard/contextmemory/cmd/cmctl/cmd/delete.go:172.2,172.18 1 0
github.com/cloudygreybeard/contextmemory/cmd/cmctl/cmd/delete.go:172.18,173.21 1 0
github.com/cloudygreybeard/contextmemory/cmd/cmctl/cmd/delete.go:173.21,175.47 2 0
github.com/cloudygreybeard/contextmemory/cmd/cmctl/cmd/delete.go:175.47,177.5 1 0
github.com/cloudygreybeard/contextmemory/cmd/cmctl/cmd/delete.go:178.4,181.78 4 0
github.com/cloudygreybeard/contextmemory/cmd/cmctl/cmd/delete.go:181.78,184.5 2 0
github.com/cloudygreybeard/contextmemory/cmd/cmctl/cmd/delete.go:189.2,190.45 2 0
github.com/cloudygreybeard/contextmemory/cmd/cmctl/cmd/delete.go:190.45,191.46 1 0
github.com/cloudygreybeard/contextmemory/cmd/cmctl/cmd/delete.go:191.46,192.22 1 0
github.com/cloudygreybeard/contextmemory/cmd/cmctl/cmd/delete.go:192.22,194.5 1 0
github.com/cloudygreybeard/contextmemory/cmd/cmctl/cmd/delete.go:195.9,197.22 2 0
github.com/cloudygreybeard/contextmemory/cmd/cmctl/cmd/delete.go:197.22,199.5 1 0
github.com/cloudygreybeard/contextmemory/cmd/cmctl/cmd/delete.go:203.2,203.20 1 0
github.com/cloudygreybeard/contextmemory/cmd/cmctl/cmd/delete.go:203.20,205.3 1 0
github.com/cloudygreybeard/contextmemory/cmd/cmctl/cmd/delete.go:206.2,206.12 1 0
github.com/cloudygreybeard/contextmemory/cmd/cmctl/cmd/get.go:35.13,41.2 4 0
github.com/cloudygreybeard/contextmemory/cmd/cmctl/cmd/get.go:43.54,47.16 3 0
github.com/cloudygreybeard/contextmemory/cmd/cmctl/cmd/get.go:47.16,49.3 1 0
github.com/cloudygreybeard/contextmemory/cmd/cmctl/cmd/get.go:52.2,53.16 2 0
github.com/cloudygreybeard/contextmemory/cmd/cmctl/cmd/get.go:53.16,55.3 1 0
github.com/cloudygreybeard/contextmemory/cmd/cmctl/cmd/get.go:58.2,58.39 1 0
github.com/cloudygreybeard/contextmemory/cmd/cmctl/cmd/get.go:58.39,60.3 1 0
github.com/cloudygreybeard/contextmemory/cmd/cmctl/cmd/get.go:63.2,64.47 2 0
github.com/cloudygreybeard/contextmemory/cmd/cmctl/cmd/get.go:67.74,71.21 3 0
github.com/cloudygreybeard/contextmemory/cmd/cmctl/cmd/get.go:71.21,74.30 2 0
github.com/cloudygreybeard/contextmemory/cmd/cmctl/cmd/get.go:74.30,76.4 1 0
github.com/cloudygreybeard/contextmemory/cmd/cmctl/cmd/get.go:78.3,83.17 3 0
github.com/cloudygreybeard/contextmemory/cmd/cmctl/cmd/get.go:83.17,85.4 1 0
github.com/cloudygreybeard/contextmemory/cmd/cmctl/cmd/get.go:86.3,86.32 1 0
github.com/cloudygreybeard/contextmemory/cmd/cmctl/cmd/get.go:87.8,90.17 2 0
github.com/cloudygreybeard/contextmemory/cmd/cmctl/cmd/get.go:90.17,92.4 1 0
github.com/cloudygreybeard/contextmemory/cmd/cmctl/cmd/get.go:96.2,97.16 2 0
github.com/cloudygreybeard/contextmemory/cmd/cmctl/cmd/get.go:97.16,99.3 1 0
github.com/cloudygreybeard/contextmemory/cmd/cmctl/cmd/get.go:101.2,102.12 2 0
github.com/cloudygreybeard/contextmemory/cmd/cmctl/cmd/get.go:105.93,108.16 2 0
github.com/cloudygreybeard/contextmemory/cmd/cmctl/cmd/get.go:108.16,110.3 1 0
github.com/cloudygreybeard/contextmemory/cmd/cmctl/cmd/get.go:112.2,112.19 1 0
github.com/cloudygreybeard/contextmemory/cmd/cmctl/cmd/get.go:112.19,114.3 1 0
github.com/cloudygreybeard/contextmemory/cmd/cmctl/cmd/get.go:117.2,118.16 2 0
github.com/cloudygreybeard/contextmemory/cmd/cmctl/cmd/get.go:118.16,120.3 1 0
github.com/cloudygreybeard/contextmemory/cmd/cmctl/cmd/get.go:122.2,123.12 2 0
github.com/cloudygreybeard/contextmemory/cmd/cmctl/cmd/health.go:21.13,23.2 1 0
github.com/cloudygreybeard/contextmemory/cmd/cmctl/cmd/health.go:25.57,29.16 3 0
github.com/cloudygreybeard/contextmemory/cmd/cmctl/cmd/health.go:29.16,31.3 1 0
github.com/cloudygreybeard/contextmemory/cmd/cmctl/cmd/health.go:34.2,34.36 1 0
github.com/cloudygreybeard/contextmemory/cmd/cmctl/cmd/health.go:34.36,36.17 2 0
github.com/cloudygreybeard/contextmemory/cmd/cmctl/cmd/health.go:36.17,38.4 1 0
github.com/cloudygreybeard/contextmemory/cmd/cmctl/cmd/health.go:39.3,39.13 1 0
github.com/cloudygreybeard/contextmemory/cmd/cmctl/cmd/health.go:42.2,43.12 2 0
github.com/cloudygreybeard/contextmemory/cmd/cmctl/cmd/import_cursor_chat.go:45.13,52.2 5 0
github.com/cloudygreybeard/contextmemory/cmd/cmctl/cmd/import_cursor_chat.go:54.67,57.27 2 0
github.com/cloudygreybeard/contextmemory/cmd/cmctl/cmd/import_cursor_chat.go:57.27,59.3 1 0
github.com/cloudygreybeard/contextmemory/cmd/cmctl/cmd/import_cursor_chat.go:59.8,61.3 1 0
github.com/cloudygreybeard/contextmemory/cmd/cmctl/cmd/import_cursor_chat.go:63.2,63.19 1 0
github.com/cloudygreybeard/contextmemory/cmd/cmctl/cmd/import_cursor_chat.go:63.19,65.3 1 0
github.com/cloudygreybeard/contextmemory/cmd/cmctl/cmd/import_cursor_chat.go:67.2,67.40 1 0
github.com/cloudygreybeard/contextmemory/cmd/cmctl/cmd/import_cursor_chat.go:67.40,69.3 1 0
github.com/cloudygreybeard/contextmemory/cmd/cmctl/cmd/import_cursor_chat.go:71.2,74.18 3 0
github.com/cloudygreybeard/contextmemory/cmd/cmctl/cmd/import_cursor_chat.go:74.18,76.17 2 0
github.com/cloudygreybeard/contextmemory/cmd/cmctl/cmd/import_cursor_chat.go:76.17,78.4 1 0
github.com/cloudygreybeard/contextmemory/cmd/cmctl/cmd/import_cursor_chat.go:79.8,81.17 2 0
github.com/cloudygreybeard/contextmemory/cmd/cmctl/cmd/import_cursor_chat.go:81.17,83.4 1 0
github.com/cloudygreybeard/contextmemory/cmd/cmctl/cmd/import_cursor_chat.go:87.2,92.16 4 0
github.com/cloudygreybeard/contextmemory/cmd/cmctl/cmd/import_cursor_chat.go:92.16,94.3 1 0
github.com/cloudygreybeard/contextmemory/cmd/cmctl/cmd/import_cursor_chat.go:97.2,98.16 2 0
github.com/cloudygreybeard/contextmemory/cmd/cmctl/cmd/import_cursor_chat.go:98.16,100.3 1 0
github.com/cloudygreybeard/contextmemory/cmd/cmctl/cmd/import_cursor_chat.go:102.2,108.12 6 0
github.com/cloudygreybeard/contextmemory/cmd/cmctl/cmd/import_cursor_chat.go:111.63,113.16 2 0
github.com/cloudygreybeard/contextmemory/cmd/cmctl/cmd/import_cursor_chat.go:113.16,115.3 1 0
github.com/cloudygreybeard/contextmemory/cmd/cmctl/cmd/import_cursor_chat.go:117.2,117.21 1 0
github.com/cloudygreybeard/contextmemory/cmd/cmctl/cmd/import_cursor_chat.go:117.21,120.3 2 0
github.com/cloudygreybeard/contextmemory/cmd/cmctl/cmd/import_cursor_chat.go:122.2,124.29 2 0
github.com/cloudygreybeard/contextmemory/cmd/cmctl/cmd/import_cursor_chat.go:124.29,125.14 1 0
github.com/cloudygreybeard/contextmemory/cmd/cmctl/cmd/import_cursor_chat.go:125.14,127.9 2 0
github.com/cloudygreybeard/contextmemory/cmd/cmctl/cmd/import_cursor_chat.go:130.3,135.25 6 0
github.com/cloudygreybeard/contextmemory/cmd/cmctl/cmd/import_cursor_chat.go:135.25,138.4 2 0
github.com/cloudygreybeard/contextmemory/cmd/cmctl/cmd/import_cursor_chat.go:139.3,140.16 2 0
github.com/cloudygreybeard/contextmemory/cmd/cmctl/cmd/import_cursor_chat.go:143.2,143.12 1 0
github.com/cloudygreybeard/contextmemory/cmd/cmctl/cmd/import_cursor_chat.go:146.79,161.2 4 0
github.com/cloudygreybeard/contextmemory/cmd/cmctl/cmd/import_cursor_chat.go:163.61,166.48 2 0
github.com/cloudygreybeard/contextmemory/cmd/cmctl/cmd/import_cursor_chat.go:166.48,168.3 1 0
github.com/cloudygreybeard/contextmemory/cmd/cmctl/cmd/import_cursor_chat.go:171.2,172.23 2 0
github.com/cloudygreybeard/contextmemory/cmd/cmctl/cmd/import_cursor_chat.go:172.23,174.24 2 0
github.com/cloudygreybeard/contextmemory/cmd/cmctl/cmd/import_cursor_chat.go:174.24,176.4 1 0
github.com/cloudygreybeard/contextmemory/cmd/cmctl/cmd/import_cursor_chat.go:177.3,177.63 1 0
github.com/cloudygreybeard/contextmemory/cmd/cmctl/cmd/import_cursor_chat.go:181.2,181.27 1 0
github.com/cloudygreybeard/contextmemory/cmd/cmctl/cmd/import_cursor_chat.go:181.27,184.3 2 0
github.com/cloudygreybeard/contextmemory/cmd/cmctl/cmd/import_cursor_chat.go:186.2,186.30 1 0
github.com/cloudygreybeard/contextmemory/cmd/cmctl/cmd/import_cursor_chat.go:189.68,196.27 2 0
github.com/cloudygreybeard/contextmemory/cmd/cmctl/cmd/import_cursor_chat.go:196.27,199.3 2 0
github.com/cloudygreybeard/contextmemory/cmd/cmctl/cmd/import_cursor_chat.go:202.2,203.23 2 0
github.com/cloudygreybeard/contextmemory/cmd/cmctl/cmd/import_cursor_chat.go:203.23,205.24 2 0
github.com/cloudygreybeard/contextmemory/cmd/cmctl/cmd/import_cursor_chat.go:205.24,207.4 1 0
github.com/cloudygreybeard/contextmemory/cmd/cmctl/cmd/import_cursor_chat.go:211.2,227.50 3 0
github.com/cloudygreybeard/contextmemory/cmd/cmctl/cmd/import_cursor_chat.go:227.50,228.41 1 0
github.com/cloudygreybeard/contextmemory/cmd/cmctl/cmd/import_cursor_chat.go:228.41,230.9 2 0
github.com/cloudygreybeard/contextmemory/cmd/cmctl/cmd/import_cursor_chat.go:234.2,234.15 1 0
github.com/cloudygreybeard/contextmemory/cmd/cmctl/cmd/import_cursor_chat.go:237.42,244.20 4 0
github.com/cloudygreybeard/contextmemory/cmd/cmctl/cmd/import_cursor_chat.go:244.20,246.3 1 0
github.com/cloudygreybeard/contextmemory/cmd/cmctl/cmd/import_cursor_chat.go:248.2,248.14 1 0
github.com/cloudygreybeard/contextmemory/cmd/cmctl/cmd/info.go:22.13,24.2 1 0
github.com/cloudygreybeard/contextmemory/cmd/cmctl/cmd/info.go:26.55,30.16 3 0
github.com/cloudygreybeard/contextmemory/cmd/cmctl/cmd/info.go:30.16,32.3 1 0
github.com/cloudygreybeard/contextmemory/cmd/cmctl/cmd/info.go:35.2,36.16 2 0
github.com/cloudygreybeard/contextmemory/cmd/cmctl/cmd/info.go:36.16,38.3 1 0
github.com/cloudygreybeard/contextmemory/cmd/cmctl/cmd/info.go:40.2,44.12 4 0
github.com/cloudygreybeard/contextmemory/cmd/cmctl/cmd/list.go:34.13,39.2 3 0
github.com/cloudygreybeard/contextmemory/cmd/cmctl/cmd/list.go:41.55,45.16 3 0
github.com/cloudygreybeard/contextmemory/cmd/cmctl/cmd/list.go:45.16,47.3 1 0
github.com/cloudygreybeard/contextmemory/cmd/cmctl/cmd/list.go:50.2,51.16 2 0
github.com/cloudygreybeard/contextmemory/cmd/cmctl/cmd/list.go:51.16,53.3 1 0
github.com/cloudygreybeard/contextmemory/cmd/cmctl/cmd/list.go:56.2,57.16 2 0
github.com/cloudygreybeard/contextmemory/cmd/cmctl/cmd/list.go:57.16,59.3 1 0
github.com/cloudygreybeard/contextmemory/cmd/cmctl/cmd/list.go:62.2,63.16 2 0
github.com/cloudygreybeard/contextmemory/cmd/cmctl/cmd/list.go:63.16,65.3 1 0
github.com/cloudygreybeard/contextmemory/cmd/cmctl/cmd/list.go:67.2,68.12 2 0
github.com/cloudygreybeard/contextmemory/cmd/cmctl/cmd/list_cursor_chats.go:41.13,47.2 4 0
github.com/cloudygreybeard/contextmemory/cmd/cmctl/cmd/list_cursor_chats.go:49.66,52.25 2 0
github.com/cloudygreybeard/contextmemory/cmd/cmctl/cmd/list_cursor_chats.go:52.25,54.3 1 0
github.com/cloudygreybeard/contextmemory/cmd/cmctl/cmd/list_cursor_chats.go:54.8,56.3 1 0
github.com/cloudygreybeard/contextmemory/cmd/cmctl/cmd/list_cursor_chats.go:58.2,61.22 3 0
github.com/cloudygreybeard/contextmemory/cmd/cmctl/cmd/list_cursor_chats.go:61.22,63.17 2 0
github.com/cloudygreybeard/contextmemory/cmd/cmctl/cmd/list_cursor_chats.go:63.17,65.4 1 0
github.com/cloudygreybeard/contextmemory/cmd/cmctl/cmd/list_cursor_chats.go:66.8,68.17 2 0
github.com/cloudygreybeard/contextmemory/cmd/cmctl/cmd/list_cursor_chats.go:68.17,70.4 1 0
github.com/cloudygreybeard/contextmemory/cmd/cmctl/cmd/list_cursor_chats.go:73.2,73.21 1 0
github.com/cloudygreybeard/contextmemory/cmd/cmctl/cmd/list_cursor_chats.go:73.21,74.23 1 0
github.com/cloudygreybeard/contextmemory/cmd/cmctl/cmd/list_cursor_chats.go:74.23,76.4 1 0
github.com/cloudygreybeard/contextmemory/cmd/cmctl/cmd/list_cursor_chats.go:76.9,78.4 1 0
github.com/cloudygreybeard/contextmemory/cmd/cmctl/cmd/list_cursor_chats.go:79.3,79.13 1 0
github.com/cloudygreybeard/contextmemory/cmd/cmctl/cmd/list_cursor_chats.go:83.2,83.45 1 0
github.com/cloudygreybeard/contextmemory/cmd/cmctl/cmd/list_cursor_chats.go:83.45,85.3 1 0
github.com/cloudygreybeard/contextmemory/cmd/cmctl/cmd/list_cursor_chats.go:88.2,88.22 1 0
github.com/cloudygreybeard/contextmemory/cmd/cmctl/cmd/list_cursor_chats.go:88.22,90.3 1 0
github.com/cloudygreybeard/contextmemory/cmd/cmctl/cmd/list_cursor_chats.go:90.8,92.3 1 0
github.com/cloudygreybeard/contextmemory/cmd/cmctl/cmd/list_cursor_chats.go:94.2,94.29 1 0
github.com/cloudygreybeard/contextmemory/cmd/cmctl/cmd/list_cursor_chats.go:94.29,101.25 6 0
github.com/cloudygreybeard/contextmemory/cmd/cmctl/cmd/list_cursor_chats.go:101.25,104.4 2 0
github.com/cloudygreybeard/contextmemory/cmd/cmctl/cmd/list_cursor_chats.go:107.3,108.24 2 0
github.com/cloudygreybeard/contextmemory/cmd/cmctl/cmd/list_cursor_chats.go:108.24,110.25 2 0
github.com/cloudygreybeard/contextmemory/cmd/cmctl/cmd/list_cursor_chats.go:110.25,112.5 1 0
github.com/cloudygreybeard/contextmemory/cmd/cmctl/cmd/list_cursor_chats.go:113.4,113.47 1 0
github.com/cloudygreybeard/contextmemory/cmd/cmctl/cmd/list_cursor_chats.go:116.3,117.16 2 0
github.com/cloudygreybeard/contextmemory/cmd/cmctl/cmd/list_cursor_chats.go:120.2,120.46 1 0
github.com/cloudygreybeard/contextmemory/cmd/cmctl/cmd/list_cursor_chats.go:120.46,122.3 1 0
github.com/cloudygreybeard/contextmemory/cmd/cmctl/cmd/list_cursor_chats.go:124.2,124.12 1 0
github.com/cloudygreybeard/contextmemory/cmd/cmctl/cmd/output.go:33.73,34.21 1 0
github.com/cloudygreybeard/contextmemory/cmd/cmctl/cmd/output.go:35.24,36.26 1 0
github.com/cloudygreybeard/contextmemory/cmd/cmctl/cmd/output.go:37.24,38.26 1 0
github.com/cloudygreybeard/contextmemory/cmd/cmctl/cmd/output.go:39.28,40.45 1 0
github.com/cloudygreybeard/contextmemory/cmd/cmctl/cmd/output.go:41.30,42.47 1 0
github.com/cloudygreybeard/contextmemory/cmd/cmctl/cmd/output.go:43.25,44.14 1 0
github.com/cloudygreybeard/contextmemory/cmd/cmctl/cmd/output.go:45.10,46.82 1 0
github.com/cloudygreybeard/contextmemory/cmd/cmctl/cmd/output.go:51.51,53.16 2 0
github.com/cloudygreybeard/contextmemory/cmd/cmctl/cmd/output.go:53.16,55.3 1 0
github.com/cloudygreybeard/contextmemory/cmd/cmctl/cmd/output.go:56.2,56.30 1 0
github.com/cloudygreybeard/contextmemory/cmd/cmctl/cmd/output.go:60.51,62.16 2 0
github.com/cloudygreybeard/contextmemory/cmd/cmctl/cmd/output.go:62.16,64.3 1 0
github.com/cloudygreybeard/contextmemory/cmd/cmctl/cmd/output.go:65.2,65.30 1 0
github.com/cloudygreybeard/contextmemory/cmd/cmctl/cmd/output.go:69.72,70.20 1 0
github.com/cloudygreybeard/contextmemory/cmd/cmctl/cmd/output.go:70.20,72.3 1 0
github.com/cloudygreybeard/contextmemory/cmd/cmctl/cmd/output.go:75.2,76.16 2 0
github.com/cloudygreybeard/contextmemory/cmd/cmctl/cmd/output.go:76.16,78.3 1 0
github.com/cloudygreybeard/contextmemory/cmd/cmctl/cmd/output.go:81.2,82.43 2 0
github.com/cloudygreybeard/contextmemory/cmd/cmctl/cmd/output.go:82.43,84.3 1 0
github.com/cloudygreybeard/contextmemory/cmd/cmctl/cmd/output.go:87.2,88.55 2 0
github.com/cloudygreybeard/contextmemory/cmd/cmctl/cmd/output.go:88.55,90.3 1 0
github.com/cloudygreybeard/contextmemory/cmd/cmctl/cmd/output.go:92.2,93.46 2 0
github.com/cloudygreybeard/contextmemory/cmd/cmctl/cmd/output.go:93.46,95.3 1 0
github.com/cloudygreybeard/contextmemory/cmd/cmctl/cmd/output.go:97.2,97.26 1 0
github.com/cloudygreybeard/contextmemory/cmd/cmctl/cmd/output.go:101.77,102.23 1 0
github.com/cloudygreybeard/contextmemory/cmd/cmctl/cmd/output.go:102.23,104.3 1 0
github.com/cloudygreybeard/contextmemory/cmd/cmctl/cmd/output.go:107.2,108.16 2 0
github.com/cloudygreybeard/contextmemory/cmd/cmctl/cmd/output.go:108.16,110.3 1 0
github.com/cloudygreybeard/contextmemory/cmd/cmctl/cmd/output.go:113.2,114.49 2 0
github.com/cloudygreybeard/contextmemory/cmd/cmctl/cmd/output.go:114.49,116.3 1 0
github.com/cloudygreybeard/contextmemory/cmd/cmctl/cmd/output.go:118.2,118.26 1 0
github.com/cloudygreybeard/contextmemory/cmd/cmctl/cmd/output.go:122.62,124.35 1 0
github.com/cloudygreybeard/contextmemory/cmd/cmctl/cmd/output.go:124.35,126.22 2 0
github.com/cloudygreybeard/contextmemory/cmd/cmctl/cmd/output.go:126.22,128.4 1 0
github.com/cloudygreybeard/contextmemory/cmd/cmctl/cmd/output.go:130.3,133.21 3 0
github.com/cloudygreybeard/contextmemory/cmd/cmctl/cmd/output.go:134.19,135.79 1 0
github.com/cloudygreybeard/contextmemory/cmd/cmctl/cmd/output.go:136.22,137.81 1 0
github.com/cloudygreybeard/contextmemory/cmd/cmctl/cmd/output.go:138.11,139.79 1 0
github.com/cloudygreybeard/contextmemory/cmd/cmctl/cmd/output.go:144.2,144.16 1 0
github.com/cloudygreybeard/contextmemory/cmd/cmctl/cmd/output.go:145.14,146.54 1 0
github.com/cloudygreybeard/contextmemory/cmd/cmctl/cmd/output.go:147.14,148.54 1 0
github.com/cloudygreybeard/contextmemory/cmd/cmctl/cmd/output.go:149.19,150.55 1 0
github.com/cloudygreybeard/contextmemory/cmd/cmctl/cmd/output.go:151.10,152.74 1 0
github.com/cloudygreybeard/contextmemory/cmd/cmctl/cmd/output.go:157.99,158.21 1 0
github.com/cloudygreybeard/contextmemory/cmd/cmctl/cmd/output.go:159.25,160.50 1 0
github.com/cloudygreybeard/contextmemory/cmd/cmctl/cmd/output.go:161.88,172.36 2 0
github.com/cloudygreybeard/contextmemory/cmd/cmctl/cmd/output.go:173.10,174.70 1 0
github.com/cloudygreybeard/contextmemory/cmd/cmctl/cmd/output.go:179.85,180.21 1 0
github.com/cloudygreybeard/contextmemory/cmd/cmctl/cmd/output.go:181.25,182.46 1 0
github.com/cloudygreybeard/contextmemory/cmd/cmctl/cmd/output.go:183.88,199.36 2 0
github.com/cloudygreybeard/contextmemory/cmd/cmctl/cmd/output.go:200.10,201.70 1 0
github.com/cloudygreybeard/contextmemory/cmd/cmctl/cmd/output.go:206.71,207.24 1 0
github.com/cloudygreybeard/contextmemory/cmd/cmctl/cmd/output.go:207.24,209.3 1 0
github.com/cloudygreybeard/contextmemory/cmd/cmctl/cmd/output.go:211.2,214.12 2 0
github.com/cloudygreybeard/contextmemory/cmd/cmctl/cmd/output.go:214.12,216.3 1 0
github.com/cloudygreybeard/contextmemory/cmd/cmctl/cmd/output.go:216.8,218.3 1 0
github.com/cloudygreybeard/contextmemory/cmd/cmctl/cmd/output.go:221.2,221.34 1 0
github.com/cloudygreybeard/contextmemory/cmd/cmctl/cmd/output.go:221.34,225.13 3 0
github.com/cloudygreybeard/contextmemory/cmd/cmctl/cmd/output.go:225.13,231.4 1 0
github.com/cloudygreybeard/contextmemory/cmd/cmctl/cmd/output.go:231.9,236.4 1 0
github.com/cloudygreybeard/contextmemory/cmd/cmctl/cmd/output.go:239.2,239.24 1 0
github.com/cloudygreybeard/contextmemory/cmd/cmctl/cmd/output.go:243.61,251.28 6 0
github.com/cloudygreybeard/contextmemory/cmd/cmctl/cmd/output.go:251.28,254.41 3 0
github.com/cloudygreybeard/contextmemory/cmd/cmctl/cmd/output.go:254.41,256.4 1 0
github.com/cloudygreybeard/contextmemory/cmd/cmctl/cmd/output.go:257.3,258.27 2 0
github.com/cloudygreybeard/contextmemory/cmd/cmctl/cmd/output.go:259.8,261.3 1 0
github.com/cloudygreybeard/contextmemory/cmd/cmctl/cmd/output.go:263.2,267.24 4 0
github.com/cloudygreybeard/contextmemory/cmd/cmctl/cmd/root.go:40.22,42.2 1 0
github.com/cloudygreybeard/contextmemory/cmd/cmctl/cmd/root.go:44.13,57.2 8 0
github.com/cloudygreybeard/contextmemory/cmd/cmctl/cmd/root.go:60.19,61.19 1 0
github.com/cloudygreybeard/contextmemory/cmd/cmctl/cmd/root.go:61.19,64.3 1 0
github.com/cloudygreybeard/contextmemory/cmd/cmctl/cmd/root.go:64.8,74.3 6 0
github.com/cloudygreybeard/contextmemory/cmd/cmctl/cmd/root.go:76.2,79.45 2 0
github.com/cloudygreybeard/contextmemory/cmd/cmctl/cmd/root.go:79.45,81.37 1 0
github.com/cloudygreybeard/contextmemory/cmd/cmctl/cmd/root.go:81.37,83.4 1 0
github.com/cloudygreybeard/contextmemory/cmd/cmctl/cmd/search.go:32.13,39.2 5 0
github.com/cloudygreybeard/contextmemory/cmd/cmctl/cmd/search.go:41.57,45.16 3 0
github.com/cloudygreybeard/contextmemory/cmd/cmctl/cmd/search.go:45.16,47.3 1 0
github.com/cloudygreybeard/contextmemory/cmd/cmctl/cmd/search.go:50.2,61.16 4 0
github.com/cloudygreybeard/contextmemory/cmd/cmctl/cmd/search.go:61.16,63.3 1 0
github.com/cloudygreybeard/contextmemory/cmd/cmctl/cmd/search.go:66.2,67.16 2 0
github.com/cloudygreybeard/contextmemory/cmd/cmctl/cmd/search.go:67.16,69.3 1 0
github.com/cloudygreybeard/contextmemory/cmd/cmctl/cmd/search.go:72.2,73.16 2 0
github.com/cloudygreybeard/contextmemory/cmd/cmctl/cmd/search.go:73.16,75.3 1 0
github.com/cloudygreybeard/contextmemory/cmd/cmctl/cmd/search.go:77.2,78.12 2 0
github.com/cloudygreybeard/contextmemory/cmd/cmctl/cmd/utils.go:10.52,11.22 1 0
github.com/cloudygreybeard/contextmemory/cmd/cmctl/cmd/utils.go:11.22,13.3 1 0
github.com/cloudygreybeard/contextmemory/cmd/cmctl/cmd/utils.go:15.2,16.27 2 0
github.com/cloudygreybeard/contextmemory/cmd/cmctl/cmd/utils.go:16.27,18.3 1 0
github.com/cloudygreybeard/contextmemory/cmd/cmctl/cmd/utils.go:19.2,19.33 1 0
github.com/cloudygreybeard/contextmemory/cmd/cmctl/cmd/utils.go:23.59,24.22 1 0
github.com/cloudygreybeard/contextmemory/cmd/cmctl/cmd/utils.go:24.22,26.3 1 0
github.com/cloudygreybeard/contextmemory/cmd/cmctl/cmd/utils.go:29.2,31.27 3 0
github.com/cloudygreybeard/contextmemory/cmd/cmctl/cmd/utils.go:31.27,32.17 1 0
github.com/cloudygreybeard/contextmemory/cmd/cmctl/cmd/utils.go:32.17,34.9 2 0
github.com/cloudygreybeard/contextmemory/cmd/cmctl/cmd/utils.go:36.3,37.10 2 0
github.com/cloudygreybeard/contextmemory/cmd/cmctl/cmd/utils.go:39.2,39.33 1 0
github.com/cloudygreybeard/contextmemory/cmd/cmctl/cmd/utils.go:43.36,46.28 2 0
github.com/cloudygreybeard/contextmemory/cmd/cmctl/cmd/utils.go:46.28,48.3 1 0
github.com/cloudygreybeard/contextmemory/cmd/cmctl/cmd/utils.go:49.2,49.26 1 0
github.com/cloudygreybeard/contextmemory/cmd/cmctl/cmd/utils.go:49.26,51.3 1 0
github.com/cloudygreybeard/contextmemory/cmd/cmctl/cmd/utils.go:52.2,52.29 1 0
github.com/cloudygreybeard/contextmemory/cmd/cmctl/cmd/utils.go:52.29,54.3 1 0
github.com/cloudygreybeard/contextmemory/cmd/cmctl/cmd/utils.go:55.2,55.32 1 0
github.com/cloudygreybeard/contextmemory/cmd/cmctl/cmd/utils.go:55.32,57.3 1 0
github.com/cloudygreybeard/contextmemory/cmd/cmctl/cmd/utils.go:58.2,58.57 1 0
github.com/cloudygreybeard/contextmemory/cmd/cmctl/cmd/utils.go:62.50,63.22 1 0
github.com/cloudygreybeard/contextmemory/cmd/cmctl/cmd/utils.go:63.22,65.3 1 0
github.com/cloudygreybeard/contextmemory/cmd/cmctl/cmd/utils.go:66.2,66.17 1 0
github.com/cloudygreybeard/contextmemory/cmd/cmctl/cmd/utils.go:66.17,68.3 1 0
github.com/cloudygreybeard/contextmemory/cmd/cmctl/cmd/utils.go:69.2,69.29 1 0
github.com/cloudygreybeard/contextmemory/cmd/cmctl/cmd/utils.go:74.58,76.25 2 0
github.com/cloudygreybeard/contextmemory/cmd/cmctl/cmd/utils.go:76.25,78.3 1 0
github.com/cloudygreybeard/contextmemory/cmd/cmctl/cmd/utils.go:80.2,81.29 2 0
github.com/cloudygreybeard/contextmemory/cmd/cmctl/cmd/utils.go:81.29,83.22 2 0
github.com/cloudygreybeard/contextmemory/cmd/cmctl/cmd/utils.go:83.22,86.32 3 0
github.com/cloudygreybeard/contextmemory/cmd/cmctl/cmd/utils.go:86.32,88.5 1 0
github.com/cloudygreybeard/contextmemory/cmd/cmctl/cmd/utils.go:91.2,91.17 1 0
github.com/cloudygreybeard/contextmemory/cmd/cmctl/cmd/verbose.go:20.36,22.2 1 0
github.com/cloudygreybeard/contextmemory/cmd/cmctl/cmd/verbose.go:25.72,26.29 1 0
github.com/cloudygreybeard/contextmemory/cmd/cmctl/cmd/verbose.go:26.29,28.3 1 0
github.com/cloudygreybeard/contextmemory/cmd/cmctl/cmd/verbose.go:32.58,33.29 1 0
github.com/cloudygreybeard/contextmemory/cmd/cmctl/cmd/verbose.go:33.29,35.3 1 0
github.com/cloudygreybeard/contextmemory/cmd/cmctl/cmd/verbose.go:39.54,41.2 1 0
github.com/cloudygreybeard/contextmemory/cmd/cmctl/cmd/verbose.go:44.40,45.31 1 0
github.com/cloudygreybeard/contextmemory/cmd/cmctl/cmd/verbose.go:45.31,48.3 2 0
github.com/cloudygreybeard/contextmemory/cmd/cmctl/cmd/verbose.go:52.21,54.2 1 0
github.com/cloudygreybeard/contextmemory/cmd/cmctl/cmd/verbose.go:57.23,59.2 1 0
github.com/cloudygreybeard/contextmemory/cmd/cmctl/internal/providers/cloud_skeleton.go:12.64,14.2 1 0
github.com/cloudygreybeard/contextmemory/cmd/cmctl/internal/providers/cloud_skeleton.go:16.65,18.2 1 0
github.com/cloudygreybeard/contextmemory/cmd/cmctl/internal/providers/cloud_skeleton.go:20.68,22.2 1 0
github.com/cloudygreybeard/contextmemory/cmd/cmctl/internal/providers/errors.go:10.51,12.2 1 0
github.com/cloudygreybeard/contextmemory/cmd/cmctl/internal/providers/errors.go:15.87,17.2 1 0
github.com/cloudygreybeard/contextmemory/cmd/cmctl/internal/providers/errors.go:26.46,28.2 1 0
github.com/cloudygreybeard/contextmemory/cmd/cmctl/internal/providers/errors.go:31.100,37.2 1 0
github.com/cloudygreybeard/contextmemory/cmd/cmctl/internal/providers/file.go:14.70,16.16 2 0
github.com/cloudygreybeard/contextmemory/cmd/cmctl/internal/providers/file.go:16.16,18.3 1 0
github.com/cloudygreybeard/contextmemory/cmd/cmctl/internal/providers/file.go:20.2,23.8 1 0
github.com/cloudygreybeard/contextmemory/cmd/cmctl/internal/providers/file.go:27.62,29.2 1 0
github.com/cloudygreybeard/contextmemory/cmd/cmctl/internal/providers/file.go:32.72,41.2 2 0
github.com/cloudygreybeard/contextmemory/cmd/cmctl/internal/providers/file.go:44.54,47.2 1 0
github.com/cloudygreybeard/contextmemory/cmd/cmctl/internal/providers/provider.go:62.44,68.90 2 0
github.com/cloudygreybeard/contextmemory/cmd/cmctl/internal/providers/provider.go:68.90,70.3 1 0
github.com/cloudygreybeard/contextmemory/cmd/cmctl/internal/providers/provider.go:73.2,77.16 4 0
github.com/cloudygreybeard/contextmemory/cmd/cmctl/internal/providers/provider.go:81.126,83.2 1 0
github.com/cloudygreybeard/contextmemory/cmd/cmctl/internal/providers/provider.go:86.86,88.13 2 0
github.com/cloudygreybeard/contextmemory/cmd/cmctl/internal/providers/provider.go:88.13,90.3 1 0
github.com/cloudygreybeard/contextmemory/cmd/cmctl/internal/providers/provider.go:92.2,93.16 2 0
github.com/cloudygreybeard/contextmemory/cmd/cmctl/internal/providers/provider.go:93.16,95.3 1 0
github.com/cloudygreybeard/contextmemory/cmd/cmctl/internal/providers/provider.go:99.2,99.22 1 0
github.com/cloudygreybeard/contextmemory/cmd/cmctl/internal/providers/provider.go:103.66,105.40 2 0
github.com/cloudygreybeard/contextmemory/cmd/cmctl/internal/providers/provider.go:105.40,107.3 1 0
github.com/cloudygreybeard/contextmemory/cmd/cmctl/internal/providers/provider.go:108.2,108.18 1 0
github.com/cloudygreybeard/contextmemory/cmd/cmctl/internal/providers/provider.go:112.68,113.22 1 0
github.com/cloudygreybeard/contextmemory/cmd/cmctl/internal/providers/provider.go:114.20,119.4 1 0
github.com/cloudygreybeard/contextmemory/cmd/cmctl/internal/providers/provider.go:120.18,128.4 1 0
github.com/cloudygreybeard/contextmemory/cmd/cmctl/internal/providers/provider.go:129.19,136.4 1 0
github.com/cloudygreybeard/contextmemory/cmd/cmctl/internal/providers/provider.go:137.22,143.4 1 0
github.com/cloudygreybeard/contextmemory/cmd/cmctl/internal/providers/provider.go:144.10,145.44 1 0
github.com/cloudygreybeard/contextmemory/cmd/cmctl/internal/cursor/models.go:14.38,16.2 1 0
github.com/cloudygreybeard/contextmemory/cmd/cmctl/internal/cursor/models.go:43.45,44.20 1 1
github.com/cloudygreybeard/contextmemory/cmd/cmctl/internal/cursor/models.go:44.20,46.3 1 1
github.com/cloudygreybeard/contextmemory/cmd/cmctl/internal/cursor/models.go:49.2,49.34 1 1
github.com/cloudygreybeard/contextmemory/cmd/cmctl/internal/cursor/models.go:49.34,50.49 1 1
github.com/cloudygreybeard/contextmemory/cmd/cmctl/internal/cursor/models.go:50.49,51.29 1 0
github.com/cloudygreybeard/contextmemory/cmd/cmctl/internal/cursor/models.go:51.29,53.5 1 0
github.com/cloudygreybeard/contextmemory/cmd/cmctl/internal/cursor/models.go:54.4,54.22 1 0
github.com/cloudygreybeard/contextmemory/cmd/cmctl/internal/cursor/models.go:58.2,58.24 1 1
github.com/cloudygreybeard/contextmemory/cmd/cmctl/internal/cursor/models.go:62.60,64.34 2 1
github.com/cloudygreybeard/contextmemory/cmd/cmctl/internal/cursor/models.go:64.34,65.25 1 1
github.com/cloudygreybeard/contextmemory/cmd/cmctl/internal/cursor/models.go:65.25,67.4 1 0
github.com/cloudygreybeard/contextmemory/cmd/cmctl/internal/cursor/models.go:67.9,69.4 1 1
github.com/cloudygreybeard/contextmemory/cmd/cmctl/internal/cursor/models.go:71.3,71.31 1 1
github.com/cloudygreybeard/contextmemory/cmd/cmctl/internal/cursor/models.go:71.31,73.4 1 1
github.com/cloudygreybeard/contextmemory/cmd/cmctl/internal/cursor/models.go:75.2,75.16 1 1
github.com/cloudygreybeard/contextmemory/cmd/cmctl/internal/cursor/models.go:79.40,82.47 2 1
github.com/cloudygreybeard/contextmemory/cmd/cmctl/internal/cursor/models.go:82.47,84.3 1 0
github.com/cloudygreybeard/contextmemory/cmd/cmctl/internal/cursor/models.go:86.2,86.28 1 1
github.com/cloudygreybeard/contextmemory/cmd/cmctl/internal/cursor/models.go:86.28,88.3 1 0
github.com/cloudygreybeard/contextmemory/cmd/cmctl/internal/cursor/models.go:90.2,90.34 1 1
github.com/cloudygreybeard/contextmemory/cmd/cmctl/internal/cursor/models.go:90.34,91.19 1 1
github.com/cloudygreybeard/contextmemory/cmd/cmctl/internal/cursor/models.go:92.15,93.45 1 1
github.com/cloudygreybeard/contextmemory/cmd/cmctl/internal/cursor/models.go:94.20,95.50 1 1
github.com/cloudygreybeard/contextmemory/cmd/cmctl/internal/cursor/models.go:96.11,97.57 1 1
github.com/cloudygreybeard/contextmemory/cmd/cmctl/internal/cursor/models.go:101.2,101.11 1 1
github.com/cloudygreybeard/contextmemory/cmd/cmctl/internal/cursor/models.go:105.56,120.38 5 1
github.com/cloudygreybeard/contextmemory/cmd/cmctl/internal/cursor/models.go:120.38,121.60 1 1
github.com/cloudygreybeard/contextmemory/cmd/cmctl/internal/cursor/models.go:121.60,124.4 2 1
github.com/cloudygreybeard/contextmemory/cmd/cmctl/internal/cursor/models.go:127.2,127.17 1 1
github.com/cloudygreybeard/contextmemory/cmd/cmctl/internal/cursor/models.go:131.51,137.2 1 1
github.com/cloudygreybeard/contextmemory/cmd/cmctl/internal/cursor/models.go:140.46,144.56 3 1
github.com/cloudygreybeard/contextmemory/cmd/cmctl/internal/cursor/models.go:144.56,145.53 1 1
github.com/cloudygreybeard/contextmemory/cmd/cmctl/internal/cursor/models.go:145.53,147.4 1 1
github.com/cloudygreybeard/contextmemory/cmd/cmctl/internal/cursor/models.go:149.2,149.11 1 1
github.com/cloudygreybeard/contextmemory/cmd/cmctl/internal/cursor/models.go:153.31,155.30 2 1
github.com/cloudygreybeard/contextmemory/cmd/cmctl/internal/cursor/models.go:155.30,156.27 1 1
github.com/cloudygreybeard/contextmemory/cmd/cmctl/internal/cursor/models.go:156.27,158.4 1 1
github.com/cloudygreybeard/contextmemory/cmd/cmctl/internal/cursor/models.go:158.9,160.4 1 1
github.com/cloudygreybeard/contextmemory/cmd/cmctl/internal/cursor/models.go:162.2,162.23 1 1
github.com/cloudygreybeard/contextmemory/cmd/cmctl/internal/cursor/parser.go:35.83,38.64 2 0
github.com/cloudygreybeard/contextmemory/cmd/cmctl/internal/cursor/parser.go:38.64,41.70 2 0
github.com/cloudygreybeard/contextmemory/cmd/cmctl/internal/cursor/parser.go:41.70,43.4 1 0
github.com/cloudygreybeard/contextmemory/cmd/cmctl/internal/cursor/parser.go:44.3,44.44 1 0
github.com/cloudygreybeard/contextmemory/cmd/cmctl/internal/cursor/parser.go:47.2,47.23 1 0
github.com/cloudygreybeard/contextmemory/cmd/cmctl/internal/cursor/parser.go:47.23,49.3 1 0
github.com/cloudygreybeard/contextmemory/cmd/cmctl/internal/cursor/parser.go:52.2,53.33 2 0
github.com/cloudygreybeard/contextmemory/cmd/cmctl/internal/cursor/parser.go:53.33,56.15 2 0
github.com/cloudygreybeard/contextmemory/cmd/cmctl/internal/cursor/parser.go:56.15,58.4 1 0
github.com/cloudygreybeard/contextmemory/cmd/cmctl/internal/cursor/parser.go:59.3,59.24 1 0
github.com/cloudygreybeard/contextmemory/cmd/cmctl/internal/cursor/parser.go:59.24,61.4 1 0
github.com/cloudygreybeard/contextmemory/cmd/cmctl/internal/cursor/parser.go:63.3,64.51 2 0
github.com/cloudygreybeard/contextmemory/cmd/cmctl/internal/cursor/parser.go:64.51,66.4 1 0
github.com/cloudygreybeard/contextmemory/cmd/cmctl/internal/cursor/parser.go:67.3,67.21 1 0
github.com/cloudygreybeard/contextmemory/cmd/cmctl/internal/cursor/parser.go:67.21,69.4 1 0
github.com/cloudygreybeard/contextmemory/cmd/cmctl/internal/cursor/parser.go:71.3,77.39 2 0
github.com/cloudygreybeard/contextmemory/cmd/cmctl/internal/cursor/parser.go:81.2,89.32 2 0
github.com/cloudygreybeard/contextmemory/cmd/cmctl/internal/cursor/parser.go:93.79,95.69 2 0
github.com/cloudygreybeard/contextmemory/cmd/cmctl/internal/cursor/parser.go:95.69,97.3 1 0
github.com/cloudygreybeard/contextmemory/cmd/cmctl/internal/cursor/parser.go:99.2,100.53 2 0
github.com/cloudygreybeard/contextmemory/cmd/cmctl/internal/cursor/parser.go:100.53,101.30 1 0
github.com/cloudygreybeard/contextmemory/cmd/cmctl/internal/cursor/parser.go:101.30,102.12 1 0
github.com/cloudygreybeard/contextmemory/cmd/cmctl/internal/cursor/parser.go:106.3,107.33 2 0
github.com/cloudygreybeard/contextmemory/cmd/cmctl/internal/cursor/parser.go:107.33,109.4 1 0
github.com/cloudygreybeard/contextmemory/cmd/cmctl/internal/cursor/parser.go:111.3,120.33 2 0
github.com/cloudygreybeard/contextmemory/cmd/cmctl/internal/cursor/parser.go:120.33,129.4 1 0
github.com/cloudygreybeard/contextmemory/cmd/cmctl/internal/cursor/parser.go:131.3,131.39 1 0
github.com/cloudygreybeard/contextmemory/cmd/cmctl/internal/cursor/parser.go:134.2,134.22 1 0
github.com/cloudygreybeard/contextmemory/cmd/cmctl/internal/cursor/reader.go:22.44,26.2 1 0
github.com/cloudygreybeard/contextmemory/cmd/cmctl/internal/cursor/reader.go:29.63,33.2 1 0
github.com/cloudygreybeard/contextmemory/cmd/cmctl/internal/cursor/reader.go:36.37,39.22 2 0
github.com/cloudygreybeard/contextmemory/cmd/cmctl/internal/cursor/reader.go:40.16,41.104 1 0
github.com/cloudygreybeard/contextmemory/cmd/cmctl/internal/cursor/reader.go:42.17,43.83 1 0
github.com/cloudygreybeard/contextmemory/cmd/cmctl/internal/cursor/reader.go:44.15,45.81 1 0
github.com/cloudygreybeard/contextmemory/cmd/cmctl/internal/cursor/reader.go:46.10,47.63 1 0
github.com/cloudygreybeard/contextmemory/cmd/cmctl/internal/cursor/reader.go:52.63,54.16 2 0
github.com/cloudygreybeard/contextmemory/cmd/cmctl/internal/cursor/reader.go:54.16,56.3 1 0
github.com/cloudygreybeard/contextmemory/cmd/cmctl/internal/cursor/reader.go:58.2,59.32 2 0
github.com/cloudygreybeard/contextmemory/cmd/cmctl/internal/cursor/reader.go:59.32,60.20 1 0
github.com/cloudygreybeard/contextmemory/cmd/cmctl/internal/cursor/reader.go:60.20,62.45 2 0
github.com/cloudygreybeard/contextmemory/cmd/cmctl/internal/cursor/reader.go:62.45,64.5 1 0
github.com/cloudygreybeard/contextmemory/cmd/cmctl/internal/cursor/reader.go:68.2,68.24 1 0
github.com/cloudygreybeard/contextmemory/cmd/cmctl/internal/cursor/reader.go:72.65,74.16 2 0
github.com/cloudygreybeard/contextmemory/cmd/cmctl/internal/cursor/reader.go:74.16,76.3 1 0
github.com/cloudygreybeard/contextmemory/cmd/cmctl/internal/cursor/reader.go:78.2,78.26 1 0
github.com/cloudygreybeard/contextmemory/cmd/cmctl/internal/cursor/reader.go:78.26,80.3 1 0
github.com/cloudygreybeard/contextmemory/cmd/cmctl/internal/cursor/reader.go:83.2,83.45 1 0
github.com/cloudygreybeard/contextmemory/cmd/cmctl/internal/cursor/reader.go:83.45,86.33 3 0
github.com/cloudygreybeard/contextmemory/cmd/cmctl/internal/cursor/reader.go:86.33,88.4 1 0
github.com/cloudygreybeard/contextmemory/cmd/cmctl/internal/cursor/reader.go:89.3,89.48 1 0
github.com/cloudygreybeard/contextmemory/cmd/cmctl/internal/cursor/reader.go:92.2,92.27 1 0
github.com/cloudygreybeard/contextmemory/cmd/cmctl/internal/cursor/reader.go:96.77,101.16 2 0
github.com/cloudygreybeard/contextmemory/cmd/cmctl/internal/cursor/reader.go:101.16,103.3 1 0
github.com/cloudygreybeard/contextmemory/cmd/cmctl/internal/cursor/reader.go:105.2,105.16 1 0
github.com/cloudygreybeard/contextmemory/cmd/cmctl/internal/cursor/reader.go:109.74,111.16 2 0
github.com/cloudygreybeard/contextmemory/cmd/cmctl/internal/cursor/reader.go:111.16,113.3 1 0
github.com/cloudygreybeard/contextmemory/cmd/cmctl/internal/cursor/reader.go:116.2,124.31 3 0
github.com/cloudygreybeard/contextmemory/cmd/cmctl/internal/cursor/reader.go:124.31,127.26 3 0
github.com/cloudygreybeard/contextmemory/cmd/cmctl/internal/cursor/reader.go:127.26,128.12 1 0
github.com/cloudygreybeard/contextmemory/cmd/cmctl/internal/cursor/reader.go:132.3,132.33 1 0
github.com/cloudygreybeard/contextmemory/cmd/cmctl/internal/cursor/reader.go:132.33,134.35 2 0
github.com/cloudygreybeard/contextmemory/cmd/cmctl/internal/cursor/reader.go:134.35,136.5 1 0
github.com/cloudygreybeard/contextmemory/cmd/cmctl/internal/cursor/reader.go:137.9,137.44 1 0
github.com/cloudygreybeard/contextmemory/cmd/cmctl/internal/cursor/reader.go:137.44,139.35 2 0
github.com/cloudygreybeard/contextmemory/cmd/cmctl/internal/cursor/reader.go:139.35,141.5 1 0
github.com/cloudygreybeard/contextmemory/cmd/cmctl/internal/cursor/reader.go:142.9,145.72 2 0
github.com/cloudygreybeard/contextmemory/cmd/cmctl/internal/cursor/reader.go:145.72,147.5 1 0
github.com/cloudygreybeard/contextmemory/cmd/cmctl/internal/cursor/reader.go:151.2,151.22 1 0
github.com/cloudygreybeard/contextmemory/cmd/cmctl/internal/cursor/reader.go:155.62,157.16 2 0
github.com/cloudygreybeard/contextmemory/cmd/cmctl/internal/cursor/reader.go:157.16,159.3 1 0
github.com/cloudygreybeard/contextmemory/cmd/cmctl/internal/cursor/reader.go:161.2,162.16 2 0
github.com/cloudygreybeard/contextmemory/cmd/cmctl/internal/cursor/reader.go:162.16,164.3 1 0
github.com/cloudygreybeard/contextmemory/cmd/cmctl/internal/cursor/reader.go:166.2,166.29 1 0
github.com/cloudygreybeard/contextmemory/cmd/cmctl/internal/cursor/reader.go:166.29,168.3 1 0
github.com/cloudygreybeard/contextmemory/cmd/cmctl/internal/cursor/reader.go:171.2,171.48 1 0
github.com/cloudygreybeard/contextmemory/cmd/cmctl/internal/cursor/reader.go:171.48,173.3 1 0
github.com/cloudygreybeard/contextmemory/cmd/cmctl/internal/cursor/reader.go:175.2,175.31 1 0
github.com/cloudygreybeard/contextmemory/cmd/cmctl/internal/cursor/reader.go:179.81,181.16 2 0
github.com/cloudygreybeard/contextmemory/cmd/cmctl/internal/cursor/reader.go:181.16,183.3 1 0
github.com/cloudygreybeard/contextmemory/cmd/cmctl/internal/cursor/reader.go:186.2,186.43 1 0
github.com/cloudygreybeard/contextmemory/cmd/cmctl/internal/cursor/reader.go:186.43,188.17 2 0
github.com/cloudygreybeard/contextmemory/cmd/cmctl/internal/cursor/reader.go:188.17,189.12 1 0
github.com/cloudygreybeard/contextmemory/cmd/cmctl/internal/cursor/reader.go:192.3,192.37 1 0
github.com/cloudygreybeard/contextmemory/cmd/cmctl/internal/cursor/reader.go:192.37,193.24 1 0
github.com/cloudygreybeard/contextmemory/cmd/cmctl/internal/cursor/reader.go:193.24,195.5 1 0
github.com/cloudygreybeard/contextmemory/cmd/cmctl/internal/cursor/reader.go:199.2,199.65 1 0
github.com/cloudygreybeard/contextmemory/cmd/cmctl/internal/cursor/reader.go:203.75,205.16 2 0
github.com/cloudygreybeard/contextmemory/cmd/cmctl/internal/cursor/reader.go:205.16,207.3 1 0
github.com/cloudygreybeard/contextmemory/cmd/cmctl/internal/cursor/reader.go:209.2,211.43 2 0
github.com/cloudygreybeard/contextmemory/cmd/cmctl/internal/cursor/reader.go:211.43,213.17 2 0
github.com/cloudygreybeard/contextmemory/cmd/cmctl/internal/cursor/reader.go:213.17,214.12 1 0
github.com/cloudygreybeard/contextmemory/cmd/cmctl/internal/cursor/reader.go:217.3,219.37 2 0
github.com/cloudygreybeard/contextmemory/cmd/cmctl/internal/cursor/reader.go:219.37,225.4 1 0
github.com/cloudygreybeard/contextmemory/cmd/cmctl/internal/cursor/reader.go:229.2,229.43 1 0
github.com/cloudygreybeard/contextmemory/cmd/cmctl/internal/cursor/reader.go:229.43,231.3 1 0
github.com/cloudygreybeard/contextmemory/cmd/cmctl/internal/cursor/reader.go:233.2,233.22 1 0
github.com/cloudygreybeard/contextmemory/cmd/cmctl/internal/cursor/reader.go:244.86,246.16 2 0
github.com/cloudygreybeard/contextmemory/cmd/cmctl/internal/cursor/reader.go:246.16,248.3 1 0
github.com/cloudygreybeard/contextmemory/cmd/cmctl/internal/cursor/reader.go:250.2,252.32 2 0
github.com/cloudygreybeard/contextmemory/cmd/cmctl/internal/cursor/reader.go:252.32,255.49 1 0
github.com/cloudygreybeard/contextmemory/cmd/cmctl/internal/cursor/reader.go:255.49,257.4 1 0
github.com/cloudygreybeard/contextmemory/cmd/cmctl/internal/cursor/reader.go:260.2,260.21 1 0
github.com/cloudygreybeard/contextmemory/cmd/cmctl/internal/utils/id.go:10.26,14.2 3 1
github.com/cloudygreybeard/contextmemory/cmd/cmctl/internal/utils/id.go:16.13,18.2 1 1
